<?xml version="1.0" encoding="UTF-8"?>
<testng-results ignored="0" total="4" passed="4" failed="0" skipped="0">
  <reporter-output>
  </reporter-output>
  <suite started-at="2022-11-11T15:26:44 IST" name="Default suite" finished-at="2022-11-11T15:30:50 IST" duration-ms="245507">
    <groups>
      <group name="cucumber">
        <method signature="AbstractTestNGCucumberTests.runScenario(io.cucumber.testng.PickleWrapper,io.cucumber.testng.FeatureWrapper)[pri:0, instance:parallel.TestRunner@79e4c792]" name="runScenario" class="io.cucumber.testng.AbstractTestNGCucumberTests"/>
      </group> <!-- cucumber -->
    </groups>
    <test started-at="2022-11-11T15:26:44 IST" name="Default test" finished-at="2022-11-11T15:30:50 IST" duration-ms="245507">
      <class name="parallel.TestRunner">
        <test-method is-config="true" signature="setUpClass(org.testng.ITestContext)[pri:0, instance:parallel.TestRunner@79e4c792]" started-at="2022-11-11T15:26:44 IST" name="setUpClass" finished-at="2022-11-11T15:26:45 IST" duration-ms="1171" status="PASS">
          <params>
            <param index="0">
              <value>
                <![CDATA[org.testng.TestRunner@614cd187]]>
              </value>
            </param>
          </params>
          <reporter-output>
          </reporter-output>
        </test-method> <!-- setUpClass -->
        <test-method signature="runScenario(io.cucumber.testng.PickleWrapper,io.cucumber.testng.FeatureWrapper)[pri:0, instance:parallel.TestRunner@79e4c792]" started-at="2022-11-11T15:26:45 IST" name="runScenario" description="Runs Cucumber Scenarios" data-provider="scenarios" finished-at="2022-11-11T15:27:16 IST" duration-ms="30208" status="PASS">
          <params>
            <param index="0">
              <value>
                <![CDATA["Radio button functions"]]>
              </value>
            </param>
            <param index="1">
              <value>
                <![CDATA["Practice Page Testing"]]>
              </value>
            </param>
          </params>
          <reporter-output>
          </reporter-output>
        </test-method> <!-- runScenario -->
        <test-method signature="runScenario(io.cucumber.testng.PickleWrapper,io.cucumber.testng.FeatureWrapper)[pri:0, instance:parallel.TestRunner@79e4c792]" started-at="2022-11-11T15:27:16 IST" name="runScenario" description="Runs Cucumber Scenarios" data-provider="scenarios" finished-at="2022-11-11T15:27:44 IST" duration-ms="28694" status="PASS">
          <params>
            <param index="0">
              <value>
                <![CDATA["Select dropdown functions"]]>
              </value>
            </param>
            <param index="1">
              <value>
                <![CDATA["Practice Page Testing"]]>
              </value>
            </param>
          </params>
          <reporter-output>
          </reporter-output>
        </test-method> <!-- runScenario -->
        <test-method signature="runScenario(io.cucumber.testng.PickleWrapper,io.cucumber.testng.FeatureWrapper)[pri:0, instance:parallel.TestRunner@79e4c792]" started-at="2022-11-11T15:27:44 IST" name="runScenario" description="Runs Cucumber Scenarios" data-provider="scenarios" finished-at="2022-11-11T15:28:19 IST" duration-ms="35024" status="PASS">
          <params>
            <param index="0">
              <value>
                <![CDATA["Select Multiple dropdown functions"]]>
              </value>
            </param>
            <param index="1">
              <value>
                <![CDATA["Practice Page Testing"]]>
              </value>
            </param>
          </params>
          <reporter-output>
          </reporter-output>
        </test-method> <!-- runScenario -->
        <test-method signature="runScenario(io.cucumber.testng.PickleWrapper,io.cucumber.testng.FeatureWrapper)[pri:0, instance:parallel.TestRunner@79e4c792]" started-at="2022-11-11T15:28:19 IST" name="runScenario" description="Runs Cucumber Scenarios" data-provider="scenarios" finished-at="2022-11-11T15:30:46 IST" duration-ms="146425" status="PASS">
          <params>
            <param index="0">
              <value>
                <![CDATA["Checkbox functions"]]>
              </value>
            </param>
            <param index="1">
              <value>
                <![CDATA["Practice Page Testing"]]>
              </value>
            </param>
          </params>
          <reporter-output>
          </reporter-output>
        </test-method> <!-- runScenario -->
        <test-method is-config="true" signature="tearDownClass()[pri:0, instance:parallel.TestRunner@79e4c792]" started-at="2022-11-11T15:30:46 IST" name="tearDownClass" finished-at="2022-11-11T15:30:50 IST" duration-ms="3876" status="PASS">
          <reporter-output>
          </reporter-output>
        </test-method> <!-- tearDownClass -->
      </class> <!-- parallel.TestRunner -->
    </test> <!-- Default test -->
  </suite> <!-- Default suite -->
</testng-results>
